app/build/intermediates/manifest_merge_blame_file/debug/manifest-merger-blame-debug-report.txt
1<?xml version="1.0" encoding="utf-8"?>
2<manifest xmlns:android="http://schemas.android.com/apk/res/android"
3    package="com.example.facerecognition"
4    android:versionCode="1"
5    android:versionName="1.0" >
6
7    <uses-sdk
8        android:minSdkVersion="23"
8-->src\main\AndroidManifest.xml
9        android:targetSdkVersion="29" />
9-->src\main\AndroidManifest.xml
10    <!-- Although the *SdkVersion is captured in gradle build files, this is required for non gradle builds -->
11    <!-- <uses-sdk android:minSdkVersion="14"/> -->
12    <uses-permission android:name="android.permission.ACCESS_NETWORK_STATE" />
12-->[com.google.android.datatransport:transport-backend-cct:2.2.2] AndroidManifest.xml:25:5-79
12-->[com.google.android.datatransport:transport-backend-cct:2.2.2] AndroidManifest.xml:25:22-76
13    <uses-permission android:name="android.permission.INTERNET" />
13-->[com.google.android.datatransport:transport-backend-cct:2.2.2] AndroidManifest.xml:26:5-67
13-->[com.google.android.datatransport:transport-backend-cct:2.2.2] AndroidManifest.xml:26:22-64
14
15    <application
15-->src\main\AndroidManifest.xml:4:5-17:19
16        android:allowBackup="true"
16-->src\main\AndroidManifest.xml:5:9-35
17        android:appComponentFactory="androidx.core.app.CoreComponentFactory"
17-->[androidx.core:core:1.1.0] AndroidManifest.xml:24:18-86
18        android:debuggable="true"
19        android:extractNativeLibs="false"
20        android:icon="@mipmap/ic_launcher"
20-->src\main\AndroidManifest.xml:6:9-43
21        android:label="@string/app_name"
21-->src\main\AndroidManifest.xml:7:9-41
22        android:roundIcon="@mipmap/ic_launcher_round"
22-->src\main\AndroidManifest.xml:8:9-54
23        android:supportsRtl="true"
23-->src\main\AndroidManifest.xml:9:9-35
24        android:theme="@style/AppTheme" >
24-->src\main\AndroidManifest.xml:10:9-40
25        <activity android:name="com.example.facerecognition.MainActivity" >
25-->src\main\AndroidManifest.xml:11:9-16:20
25-->src\main\AndroidManifest.xml:11:19-74
26            <intent-filter>
26-->src\main\AndroidManifest.xml:12:13-15:29
27                <action android:name="android.intent.action.MAIN" />
27-->src\main\AndroidManifest.xml:13:17-69
27-->src\main\AndroidManifest.xml:13:25-66
28
29                <category android:name="android.intent.category.LAUNCHER" />
29-->src\main\AndroidManifest.xml:14:17-77
29-->src\main\AndroidManifest.xml:14:27-74
30            </intent-filter>
31        </activity>
32
33        <service
33-->[com.google.android.gms:play-services-mlkit-face-detection:16.0.0] AndroidManifest.xml:9:9-15:19
34            android:name="com.google.mlkit.common.internal.MlKitComponentDiscoveryService"
34-->[com.google.android.gms:play-services-mlkit-face-detection:16.0.0] AndroidManifest.xml:10:13-91
35            android:directBootAware="true"
35-->[com.google.mlkit:common:16.0.0] AndroidManifest.xml:17:13-43
36            android:exported="false" >
36-->[com.google.android.gms:play-services-mlkit-face-detection:16.0.0] AndroidManifest.xml:11:13-37
37            <meta-data
37-->[com.google.android.gms:play-services-mlkit-face-detection:16.0.0] AndroidManifest.xml:12:13-14:85
38                android:name="com.google.firebase.components:com.google.mlkit.vision.face.internal.FaceRegistrar"
38-->[com.google.android.gms:play-services-mlkit-face-detection:16.0.0] AndroidManifest.xml:13:17-114
39                android:value="com.google.firebase.components.ComponentRegistrar" />
39-->[com.google.android.gms:play-services-mlkit-face-detection:16.0.0] AndroidManifest.xml:14:17-82
40            <meta-data
40-->[com.google.mlkit:vision-common:16.0.0] AndroidManifest.xml:12:13-14:85
41                android:name="com.google.firebase.components:com.google.mlkit.vision.common.internal.VisionCommonRegistrar"
41-->[com.google.mlkit:vision-common:16.0.0] AndroidManifest.xml:13:17-124
42                android:value="com.google.firebase.components.ComponentRegistrar" />
42-->[com.google.mlkit:vision-common:16.0.0] AndroidManifest.xml:14:17-82
43            <meta-data
43-->[com.google.mlkit:common:16.0.0] AndroidManifest.xml:20:13-22:85
44                android:name="com.google.firebase.components:com.google.mlkit.common.internal.CommonComponentRegistrar"
44-->[com.google.mlkit:common:16.0.0] AndroidManifest.xml:21:17-120
45                android:value="com.google.firebase.components.ComponentRegistrar" />
45-->[com.google.mlkit:common:16.0.0] AndroidManifest.xml:22:17-82
46        </service>
47
48        <provider
48-->[com.google.mlkit:common:16.0.0] AndroidManifest.xml:9:9-13:38
49            android:name="com.google.mlkit.common.internal.MlKitInitProvider"
49-->[com.google.mlkit:common:16.0.0] AndroidManifest.xml:10:13-78
50            android:authorities="com.example.facerecognition.mlkitinitprovider"
50-->[com.google.mlkit:common:16.0.0] AndroidManifest.xml:11:13-69
51            android:exported="false"
51-->[com.google.mlkit:common:16.0.0] AndroidManifest.xml:12:13-37
52            android:initOrder="99" />
52-->[com.google.mlkit:common:16.0.0] AndroidManifest.xml:13:13-35
53
54        <activity
54-->[com.google.android.gms:play-services-base:17.0.0] AndroidManifest.xml:23:9-26:75
55            android:name="com.google.android.gms.common.api.GoogleApiActivity"
55-->[com.google.android.gms:play-services-base:17.0.0] AndroidManifest.xml:24:13-79
56            android:exported="false"
56-->[com.google.android.gms:play-services-base:17.0.0] AndroidManifest.xml:25:13-37
57            android:theme="@android:style/Theme.Translucent.NoTitleBar" />
57-->[com.google.android.gms:play-services-base:17.0.0] AndroidManifest.xml:26:13-72
58
59        <meta-data
59-->[com.google.android.gms:play-services-basement:17.0.0] AndroidManifest.xml:23:9-25:69
60            android:name="com.google.android.gms.version"
60-->[com.google.android.gms:play-services-basement:17.0.0] AndroidManifest.xml:24:13-58
61            android:value="@integer/google_play_services_version" />
61-->[com.google.android.gms:play-services-basement:17.0.0] AndroidManifest.xml:25:13-66
62
63        <service
63-->[com.google.android.datatransport:transport-backend-cct:2.2.2] AndroidManifest.xml:29:9-35:19
64            android:name="com.google.android.datatransport.runtime.backends.TransportBackendDiscovery"
64-->[com.google.android.datatransport:transport-backend-cct:2.2.2] AndroidManifest.xml:30:13-103
65            android:exported="false" >
65-->[com.google.android.datatransport:transport-backend-cct:2.2.2] AndroidManifest.xml:31:13-37
66            <meta-data
66-->[com.google.android.datatransport:transport-backend-cct:2.2.2] AndroidManifest.xml:32:13-34:39
67                android:name="backend:com.google.android.datatransport.cct.CctBackendFactory"
67-->[com.google.android.datatransport:transport-backend-cct:2.2.2] AndroidManifest.xml:33:17-94
68                android:value="cct" />
68-->[com.google.android.datatransport:transport-backend-cct:2.2.2] AndroidManifest.xml:34:17-36
69        </service>
70        <service
70-->[com.google.android.datatransport:transport-runtime:2.2.2] AndroidManifest.xml:26:9-30:19
71            android:name="com.google.android.datatransport.runtime.scheduling.jobscheduling.JobInfoSchedulerService"
71-->[com.google.android.datatransport:transport-runtime:2.2.2] AndroidManifest.xml:27:13-117
72            android:exported="false"
72-->[com.google.android.datatransport:transport-runtime:2.2.2] AndroidManifest.xml:28:13-37
73            android:permission="android.permission.BIND_JOB_SERVICE" >
73-->[com.google.android.datatransport:transport-runtime:2.2.2] AndroidManifest.xml:29:13-69
74        </service>
75
76        <receiver
76-->[com.google.android.datatransport:transport-runtime:2.2.2] AndroidManifest.xml:32:9-34:40
77            android:name="com.google.android.datatransport.runtime.scheduling.jobscheduling.AlarmManagerSchedulerBroadcastReceiver"
77-->[com.google.android.datatransport:transport-runtime:2.2.2] AndroidManifest.xml:33:13-132
78            android:exported="false" />
78-->[com.google.android.datatransport:transport-runtime:2.2.2] AndroidManifest.xml:34:13-37
79    </application>
80
81</manifest>